[      84ms] [ERROR] Failed to load resource: the server responded with a status of 500 (Internal Server Error) @ http://clients.localhost:3001/login:0
[     117ms] [ERROR] Failed to load resource: the server responded with a status of 404 (Not Found) @ http://clients.localhost:3001/favicon.ico:0
[     150ms] [ERROR] Failed to load resource: the server responded with a status of 500 (Internal Server Error) @ http://clients.localhost:3001/login:0
[    1172ms] [ERROR] Failed to load resource: the server responded with a status of 500 (Internal Server Error) @ http://clients.localhost:3001/login:0
[    2193ms] [ERROR] Failed to load resource: the server responded with a status of 500 (Internal Server Error) @ http://clients.localhost:3001/login:0
[    3211ms] [ERROR] Failed to load resource: the server responded with a status of 500 (Internal Server Error) @ http://clients.localhost:3001/login:0
[    4235ms] [ERROR] Failed to load resource: the server responded with a status of 500 (Internal Server Error) @ http://clients.localhost:3001/login:0
[    5256ms] [ERROR] Failed to load resource: the server responded with a status of 500 (Internal Server Error) @ http://clients.localhost:3001/login:0
[    6277ms] [ERROR] Failed to load resource: the server responded with a status of 500 (Internal Server Error) @ http://clients.localhost:3001/login:0
[    7302ms] [ERROR] Failed to load resource: the server responded with a status of 500 (Internal Server Error) @ http://clients.localhost:3001/login:0
[    8327ms] [ERROR] Failed to load resource: the server responded with a status of 500 (Internal Server Error) @ http://clients.localhost:3001/login:0
[    9352ms] [ERROR] Failed to load resource: the server responded with a status of 500 (Internal Server Error) @ http://clients.localhost:3001/login:0
[   10393ms] [ERROR] Failed to load resource: the server responded with a status of 500 (Internal Server Error) @ http://clients.localhost:3001/login:0
[   11414ms] [ERROR] Failed to load resource: the server responded with a status of 500 (Internal Server Error) @ http://clients.localhost:3001/login:0
[   12436ms] [ERROR] Failed to load resource: the server responded with a status of 500 (Internal Server Error) @ http://clients.localhost:3001/login:0
[   13461ms] [ERROR] Failed to load resource: the server responded with a status of 500 (Internal Server Error) @ http://clients.localhost:3001/login:0
[   14485ms] [ERROR] Failed to load resource: the server responded with a status of 500 (Internal Server Error) @ http://clients.localhost:3001/login:0
[   15508ms] [ERROR] Failed to load resource: the server responded with a status of 500 (Internal Server Error) @ http://clients.localhost:3001/login:0
[   16535ms] [ERROR] Failed to load resource: the server responded with a status of 500 (Internal Server Error) @ http://clients.localhost:3001/login:0
[   17561ms] [ERROR] Failed to load resource: the server responded with a status of 500 (Internal Server Error) @ http://clients.localhost:3001/login:0
[   18591ms] [ERROR] Failed to load resource: the server responded with a status of 500 (Internal Server Error) @ http://clients.localhost:3001/login:0
[   19612ms] [ERROR] Failed to load resource: the server responded with a status of 500 (Internal Server Error) @ http://clients.localhost:3001/login:0
[   20641ms] [ERROR] Failed to load resource: the server responded with a status of 500 (Internal Server Error) @ http://clients.localhost:3001/login:0
[   21663ms] [ERROR] Failed to load resource: the server responded with a status of 500 (Internal Server Error) @ http://clients.localhost:3001/login:0
[   22687ms] [ERROR] Failed to load resource: the server responded with a status of 500 (Internal Server Error) @ http://clients.localhost:3001/login:0
[   23717ms] [ERROR] Failed to load resource: the server responded with a status of 500 (Internal Server Error) @ http://clients.localhost:3001/login:0
[   24748ms] [ERROR] Failed to load resource: the server responded with a status of 500 (Internal Server Error) @ http://clients.localhost:3001/login:0
[   25776ms] [ERROR] Failed to load resource: the server responded with a status of 500 (Internal Server Error) @ http://clients.localhost:3001/login:0
[   26801ms] [ERROR] Failed to load resource: the server responded with a status of 500 (Internal Server Error) @ http://clients.localhost:3001/login:0
[   27830ms] [ERROR] Failed to load resource: the server responded with a status of 500 (Internal Server Error) @ http://clients.localhost:3001/login:0
[   28857ms] [ERROR] Failed to load resource: the server responded with a status of 500 (Internal Server Error) @ http://clients.localhost:3001/login:0
[   29886ms] [ERROR] Failed to load resource: the server responded with a status of 500 (Internal Server Error) @ http://clients.localhost:3001/login:0
[   30915ms] [ERROR] Failed to load resource: the server responded with a status of 500 (Internal Server Error) @ http://clients.localhost:3001/login:0
[   31940ms] [ERROR] Failed to load resource: the server responded with a status of 500 (Internal Server Error) @ http://clients.localhost:3001/login:0
[   32978ms] [ERROR] Failed to load resource: the server responded with a status of 500 (Internal Server Error) @ http://clients.localhost:3001/login:0
[   34014ms] [ERROR] Failed to load resource: the server responded with a status of 500 (Internal Server Error) @ http://clients.localhost:3001/login:0
[   35051ms] [ERROR] Failed to load resource: the server responded with a status of 500 (Internal Server Error) @ http://clients.localhost:3001/login:0
[   36088ms] [ERROR] Failed to load resource: the server responded with a status of 500 (Internal Server Error) @ http://clients.localhost:3001/login:0
[   37125ms] [ERROR] Failed to load resource: the server responded with a status of 500 (Internal Server Error) @ http://clients.localhost:3001/login:0
[   38148ms] [ERROR] Failed to load resource: the server responded with a status of 500 (Internal Server Error) @ http://clients.localhost:3001/login:0
[   39174ms] [ERROR] Failed to load resource: the server responded with a status of 500 (Internal Server Error) @ http://clients.localhost:3001/login:0
[   40197ms] [ERROR] Failed to load resource: the server responded with a status of 500 (Internal Server Error) @ http://clients.localhost:3001/login:0
[   41218ms] [ERROR] Failed to load resource: the server responded with a status of 500 (Internal Server Error) @ http://clients.localhost:3001/login:0
[   42285ms] [ERROR] Failed to load resource: the server responded with a status of 500 (Internal Server Error) @ http://clients.localhost:3001/login:0
[   43307ms] [ERROR] Failed to load resource: the server responded with a status of 500 (Internal Server Error) @ http://clients.localhost:3001/login:0
[   44327ms] [ERROR] Failed to load resource: the server responded with a status of 500 (Internal Server Error) @ http://clients.localhost:3001/login:0
[   45350ms] [ERROR] Failed to load resource: the server responded with a status of 500 (Internal Server Error) @ http://clients.localhost:3001/login:0
[   46372ms] [ERROR] Failed to load resource: the server responded with a status of 500 (Internal Server Error) @ http://clients.localhost:3001/login:0
[   47394ms] [ERROR] Failed to load resource: the server responded with a status of 500 (Internal Server Error) @ http://clients.localhost:3001/login:0
[   48418ms] [ERROR] Failed to load resource: the server responded with a status of 500 (Internal Server Error) @ http://clients.localhost:3001/login:0
[   49442ms] [ERROR] Failed to load resource: the server responded with a status of 500 (Internal Server Error) @ http://clients.localhost:3001/login:0
[   50461ms] [ERROR] Failed to load resource: the server responded with a status of 500 (Internal Server Error) @ http://clients.localhost:3001/login:0
[   51483ms] [ERROR] Failed to load resource: the server responded with a status of 500 (Internal Server Error) @ http://clients.localhost:3001/login:0
[   52502ms] [ERROR] Failed to load resource: the server responded with a status of 500 (Internal Server Error) @ http://clients.localhost:3001/login:0
[   53522ms] [ERROR] Failed to load resource: the server responded with a status of 500 (Internal Server Error) @ http://clients.localhost:3001/login:0
[   54543ms] [ERROR] Failed to load resource: the server responded with a status of 500 (Internal Server Error) @ http://clients.localhost:3001/login:0
[   55564ms] [ERROR] Failed to load resource: the server responded with a status of 500 (Internal Server Error) @ http://clients.localhost:3001/login:0
[   56585ms] [ERROR] Failed to load resource: the server responded with a status of 500 (Internal Server Error) @ http://clients.localhost:3001/login:0
[   57608ms] [ERROR] Failed to load resource: the server responded with a status of 500 (Internal Server Error) @ http://clients.localhost:3001/login:0
[   58637ms] [ERROR] Failed to load resource: the server responded with a status of 500 (Internal Server Error) @ http://clients.localhost:3001/login:0
[   59660ms] [ERROR] Failed to load resource: the server responded with a status of 500 (Internal Server Error) @ http://clients.localhost:3001/login:0
[   60686ms] [ERROR] Failed to load resource: the server responded with a status of 500 (Internal Server Error) @ http://clients.localhost:3001/login:0
[   61712ms] [ERROR] Failed to load resource: the server responded with a status of 500 (Internal Server Error) @ http://clients.localhost:3001/login:0
[   62739ms] [ERROR] Failed to load resource: the server responded with a status of 500 (Internal Server Error) @ http://clients.localhost:3001/login:0
[   63765ms] [ERROR] Failed to load resource: the server responded with a status of 500 (Internal Server Error) @ http://clients.localhost:3001/login:0
[   64797ms] [ERROR] Failed to load resource: the server responded with a status of 500 (Internal Server Error) @ http://clients.localhost:3001/login:0
[   65826ms] [ERROR] Failed to load resource: the server responded with a status of 500 (Internal Server Error) @ http://clients.localhost:3001/login:0
[   66863ms] [ERROR] Failed to load resource: the server responded with a status of 500 (Internal Server Error) @ http://clients.localhost:3001/login:0
[   67899ms] [ERROR] Failed to load resource: the server responded with a status of 500 (Internal Server Error) @ http://clients.localhost:3001/login:0
[   68935ms] [ERROR] Failed to load resource: the server responded with a status of 500 (Internal Server Error) @ http://clients.localhost:3001/login:0
[   69975ms] [ERROR] Failed to load resource: the server responded with a status of 500 (Internal Server Error) @ http://clients.localhost:3001/login:0
[   71009ms] [ERROR] Failed to load resource: the server responded with a status of 500 (Internal Server Error) @ http://clients.localhost:3001/login:0
[   72043ms] [ERROR] Failed to load resource: the server responded with a status of 500 (Internal Server Error) @ http://clients.localhost:3001/login:0
[   73081ms] [ERROR] Failed to load resource: the server responded with a status of 500 (Internal Server Error) @ http://clients.localhost:3001/login:0
[   74124ms] [ERROR] Failed to load resource: the server responded with a status of 500 (Internal Server Error) @ http://clients.localhost:3001/login:0
[   75158ms] [ERROR] Failed to load resource: the server responded with a status of 500 (Internal Server Error) @ http://clients.localhost:3001/login:0
[   76196ms] [ERROR] Failed to load resource: the server responded with a status of 500 (Internal Server Error) @ http://clients.localhost:3001/login:0
[   77235ms] [ERROR] Failed to load resource: the server responded with a status of 500 (Internal Server Error) @ http://clients.localhost:3001/login:0
[   78274ms] [ERROR] Failed to load resource: the server responded with a status of 500 (Internal Server Error) @ http://clients.localhost:3001/login:0
[   79297ms] [ERROR] Failed to load resource: the server responded with a status of 500 (Internal Server Error) @ http://clients.localhost:3001/login:0
[   80328ms] [ERROR] Failed to load resource: the server responded with a status of 500 (Internal Server Error) @ http://clients.localhost:3001/login:0
[   81354ms] [ERROR] Failed to load resource: the server responded with a status of 500 (Internal Server Error) @ http://clients.localhost:3001/login:0
[   82378ms] [ERROR] Failed to load resource: the server responded with a status of 500 (Internal Server Error) @ http://clients.localhost:3001/login:0
[   83400ms] [ERROR] Failed to load resource: the server responded with a status of 500 (Internal Server Error) @ http://clients.localhost:3001/login:0
[   84424ms] [ERROR] Failed to load resource: the server responded with a status of 500 (Internal Server Error) @ http://clients.localhost:3001/login:0
[   85444ms] [ERROR] Failed to load resource: the server responded with a status of 500 (Internal Server Error) @ http://clients.localhost:3001/login:0
[   86473ms] [ERROR] Failed to load resource: the server responded with a status of 500 (Internal Server Error) @ http://clients.localhost:3001/login:0
[   87496ms] [ERROR] Failed to load resource: the server responded with a status of 500 (Internal Server Error) @ http://clients.localhost:3001/login:0
[   89599ms] [INFO] %cDownload the React DevTools for a better development experience: https://reactjs.org/link/react-devtools font-weight:bold @ webpack-internal:///(app-pages-browser)/./node_modules/next/dist/compiled/react-dom/cjs/react-dom.development.js:38559
[   89794ms] [VERBOSE] [DOM] Input elements should have autocomplete attributes (suggested: "current-password"): (More info: https://goo.gl/9p2vKq) %o @ http://clients.localhost:3001/login:0
